C:\Program Files (x86)\Microsoft Visual Studio\2019\Community\MSBuild\Microsoft\VC\v160\Microsoft.CppBuild.targets(1069,5): warning MSB8027: Two or more files with the name of main.cpp will produce outputs to the same location. This can lead to an incorrect build result.  The files involved are includes\blackbone\3rd_party\rewolf-wow64ext\sample\main.cpp, includes\blackbone\Samples\Main.cpp, main.cpp.
  build.cpp
  x86compiler.cpp
  x86context.cpp
  main.cpp
H:\Programming\Cpp\Counter-strike\Hacks\Sources\hpp_v6_sourcecode_leak_2021\hackovh-hpp-7ddce130c9d7\hackovh-hpp-7ddce130c9d7\rename_me\includes\blackbone\3rd_party\rewolf-wow64ext\sample\main.cpp(25,44): warning C4244: 'argument': conversion from 'ULONGLONG' to 'SIZE_T', possible loss of data
  wow64ext.cpp
  TestAsmJit.cpp
H:\Programming\Cpp\Counter-strike\Hacks\Sources\hpp_v6_sourcecode_leak_2021\hackovh-hpp-7ddce130c9d7\hackovh-hpp-7ddce130c9d7\rename_me\includes\blackbone\BlackBoneTest\Common.h(16,10): fatal error C1083: Cannot open include file: 'CppUnitTest.h': No such file or directory
  TestAsmVariant.cpp
H:\Programming\Cpp\Counter-strike\Hacks\Sources\hpp_v6_sourcecode_leak_2021\hackovh-hpp-7ddce130c9d7\hackovh-hpp-7ddce130c9d7\rename_me\includes\blackbone\BlackBoneTest\Common.h(16,10): fatal error C1083: Cannot open include file: 'CppUnitTest.h': No such file or directory
  TestBasic.cpp
H:\Programming\Cpp\Counter-strike\Hacks\Sources\hpp_v6_sourcecode_leak_2021\hackovh-hpp-7ddce130c9d7\hackovh-hpp-7ddce130c9d7\rename_me\includes\blackbone\BlackBoneTest\Common.h(16,10): fatal error C1083: Cannot open include file: 'CppUnitTest.h': No such file or directory
  TestDriver.cpp
H:\Programming\Cpp\Counter-strike\Hacks\Sources\hpp_v6_sourcecode_leak_2021\hackovh-hpp-7ddce130c9d7\hackovh-hpp-7ddce130c9d7\rename_me\includes\blackbone\BlackBoneTest\Common.h(16,10): fatal error C1083: Cannot open include file: 'CppUnitTest.h': No such file or directory
  TestGuard.cpp
H:\Programming\Cpp\Counter-strike\Hacks\Sources\hpp_v6_sourcecode_leak_2021\hackovh-hpp-7ddce130c9d7\hackovh-hpp-7ddce130c9d7\rename_me\includes\blackbone\BlackBoneTest\Common.h(16,10): fatal error C1083: Cannot open include file: 'CppUnitTest.h': No such file or directory
  TestLocalHook.cpp
H:\Programming\Cpp\Counter-strike\Hacks\Sources\hpp_v6_sourcecode_leak_2021\hackovh-hpp-7ddce130c9d7\hackovh-hpp-7ddce130c9d7\rename_me\includes\blackbone\BlackBoneTest\Common.h(16,10): fatal error C1083: Cannot open include file: 'CppUnitTest.h': No such file or directory
  TestManualMap.cpp
H:\Programming\Cpp\Counter-strike\Hacks\Sources\hpp_v6_sourcecode_leak_2021\hackovh-hpp-7ddce130c9d7\hackovh-hpp-7ddce130c9d7\rename_me\includes\blackbone\BlackBoneTest\Common.h(16,10): fatal error C1083: Cannot open include file: 'CppUnitTest.h': No such file or directory
  TestModules.cpp
H:\Programming\Cpp\Counter-strike\Hacks\Sources\hpp_v6_sourcecode_leak_2021\hackovh-hpp-7ddce130c9d7\hackovh-hpp-7ddce130c9d7\rename_me\includes\blackbone\BlackBoneTest\Common.h(16,10): fatal error C1083: Cannot open include file: 'CppUnitTest.h': No such file or directory
  TestMultiPtr.cpp
H:\Programming\Cpp\Counter-strike\Hacks\Sources\hpp_v6_sourcecode_leak_2021\hackovh-hpp-7ddce130c9d7\hackovh-hpp-7ddce130c9d7\rename_me\includes\blackbone\BlackBoneTest\Common.h(16,10): fatal error C1083: Cannot open include file: 'CppUnitTest.h': No such file or directory
  TestPatternScan.cpp
H:\Programming\Cpp\Counter-strike\Hacks\Sources\hpp_v6_sourcecode_leak_2021\hackovh-hpp-7ddce130c9d7\hackovh-hpp-7ddce130c9d7\rename_me\includes\blackbone\BlackBoneTest\Common.h(16,10): fatal error C1083: Cannot open include file: 'CppUnitTest.h': No such file or directory
  TestRemoteCall.cpp
H:\Programming\Cpp\Counter-strike\Hacks\Sources\hpp_v6_sourcecode_leak_2021\hackovh-hpp-7ddce130c9d7\hackovh-hpp-7ddce130c9d7\rename_me\includes\blackbone\BlackBoneTest\Common.h(16,10): fatal error C1083: Cannot open include file: 'CppUnitTest.h': No such file or directory
  TestRemoteHook.cpp
H:\Programming\Cpp\Counter-strike\Hacks\Sources\hpp_v6_sourcecode_leak_2021\hackovh-hpp-7ddce130c9d7\hackovh-hpp-7ddce130c9d7\rename_me\includes\blackbone\BlackBoneTest\Common.h(16,10): fatal error C1083: Cannot open include file: 'CppUnitTest.h': No such file or directory
  TestRemoteMemory.cpp
H:\Programming\Cpp\Counter-strike\Hacks\Sources\hpp_v6_sourcecode_leak_2021\hackovh-hpp-7ddce130c9d7\hackovh-hpp-7ddce130c9d7\rename_me\includes\blackbone\BlackBoneTest\Common.h(16,10): fatal error C1083: Cannot open include file: 'CppUnitTest.h': No such file or directory
  TestSymbols.cpp
H:\Programming\Cpp\Counter-strike\Hacks\Sources\hpp_v6_sourcecode_leak_2021\hackovh-hpp-7ddce130c9d7\hackovh-hpp-7ddce130c9d7\rename_me\includes\blackbone\BlackBoneTest\Common.h(16,10): fatal error C1083: Cannot open include file: 'CppUnitTest.h': No such file or directory
  TestSyscall.cpp
H:\Programming\Cpp\Counter-strike\Hacks\Sources\hpp_v6_sourcecode_leak_2021\hackovh-hpp-7ddce130c9d7\hackovh-hpp-7ddce130c9d7\rename_me\includes\blackbone\BlackBoneTest\Common.h(16,10): fatal error C1083: Cannot open include file: 'CppUnitTest.h': No such file or directory
  Generating Code...
  Compiling...
  AsmHelper32.cpp
  Process.cpp
  ProcessCore.cpp
  window.cpp
  WindowForm.cpp
  Generating Code...

Project Performance Summary:
    43460 ms  H:\Programming\Cpp\Counter-strike\Hacks\Sources\hpp_v6_sourcecode_leak_2021\hackovh-hpp-7ddce130c9d7\hackovh-hpp-7ddce130c9d7\rename_me\rename_me.vcxproj   1 calls
              43460 ms  Build                                      1 calls

Target Performance Summary:
        0 ms  BuildGenerateSourcesTraverse               1 calls
        0 ms  ResolveReferences                          1 calls
        0 ms  BeforeClCompile                            1 calls
        0 ms  ComputeReferenceCLInput                    1 calls
        0 ms  BeforeBuildGenerateSources                 1 calls
        0 ms  BuildCompileTraverse                       1 calls
        0 ms  _SelectedFiles                             1 calls
        0 ms  SelectCustomBuild                          1 calls
        0 ms  CopyFileToFolders                          1 calls
        0 ms  _Xsd                                       1 calls
        0 ms  MakeDirsForMidl                            1 calls
        0 ms  ComputeMIDLGeneratedCompileInputs          1 calls
        0 ms  AfterMidl                                  1 calls
        0 ms  _Midl                                      1 calls
        0 ms  AfterBuildGenerateSources                  1 calls
        0 ms  AfterBuildGenerateSourcesEvent             1 calls
        0 ms  AfterResolveReferences                     1 calls
        0 ms  _BuildGenerateSourcesAction                1 calls
        0 ms  BuildGenerateSources                       1 calls
        0 ms  ResolveSDKReferences                       1 calls
        0 ms  FindReferenceAssembliesForReferences       1 calls
        0 ms  SetCABuildNativeEnvironmentVariables       1 calls
        0 ms  _PrepareForBuild                           1 calls
        0 ms  GetResolvedWinMD                           1 calls
        0 ms  SetBuildDefaultEnvironmentVariables        1 calls
        0 ms  GetReferenceAssemblyPaths                  1 calls
        0 ms  _PrepareForReferenceResolution             1 calls
        0 ms  ResolveProjectReferences                   1 calls
        0 ms  ExpandSDKReferences                        1 calls
        0 ms  PrepareProjectReferences                   1 calls
        0 ms  GetReferencedVCProjectsInfo                1 calls
        0 ms  _SplitProjectReferencesByFileExistence     1 calls
        0 ms  AssignProjectConfiguration                 1 calls
        0 ms  BeforeResolveReferences                    1 calls
        1 ms  ComputeCustomBuildOutput                   1 calls
        1 ms  ComputeCLInputPDBName                      1 calls
        1 ms  _CheckWindowsSDKInstalled                  1 calls
        1 ms  CustomBuild                                1 calls
        1 ms  SetTelemetryEnvironmentVariables           1 calls
        1 ms  GetFrameworkPaths                          1 calls
        1 ms  MakeDirsForCl                              1 calls
        1 ms  ResolveAssemblyReferences                  1 calls
        1 ms  SelectClCompile                            1 calls
        1 ms  _GetProjectReferenceTargetFrameworkProperties   1 calls
        2 ms  _CheckForInvalidConfigurationAndPlatform   1 calls
        3 ms  InitializeBuildStatus                      1 calls
        3 ms  PrepareForBuild                            1 calls
        4 ms  PreBuildEvent                              1 calls
       11 ms  FixupCLCompileOptions                      1 calls
       12 ms  WarnCompileDuplicatedFilename              1 calls
    43415 ms  ClCompile                                  1 calls

Task Performance Summary:
        0 ms  Message                                    2 calls
        0 ms  AssignProjectConfiguration                 1 calls
        0 ms  MSBuild                                    1 calls
        0 ms  MakeDir                                    5 calls
        0 ms  CheckVCToolsetVersion                      1 calls
        0 ms  ReadLinesFromFile                          1 calls
        0 ms  GetOutOfDateItems                          3 calls
        0 ms  VCMessage                                  1 calls
        1 ms  Touch                                      1 calls
        1 ms  SetEnv                                     8 calls
        2 ms  WriteLinesToFile                           1 calls
    43405 ms  CL                                         1 calls
